# JRE version: Java(TM) SE Runtime Environment (17.0.12+8) (build 17.0.12+8-LTS-286)
# Java VM: Java HotSpot(TM) 64-Bit Server VM (17.0.12+8-LTS-286, mixed mode, sharing, tiered, compressed oops, compressed class ptrs, g1 gc, windows-amd64)
GC Precious Log:
 CPUs: 4 total, 4 available
 Memory: 16289M
 Large Page Support: Disabled
 NUMA Support: Disabled
 Compressed Oops: Enabled (Zero based)
 Heap Region Size: 2M
 Heap Min Capacity: 8M
 Heap Initial Capacity: 256M
 Heap Max Capacity: 4074M
 Pre-touch: Disabled
 Parallel Workers: 4
 Concurrent Workers: 1
 Concurrent Refinement Workers: 4
 Periodic GC: Disabled
Heap:
 garbage-first heap   total 399360K, used 309072K [0x0000000701600000, 0x0000000800000000)
  region size 2048K, 78 young (159744K), 11 survivors (22528K)
 Metaspace       used 47089K, committed 47616K, reserved 1114112K
  class space    used 5157K, committed 5376K, reserved 1048576K
GC Heap History (20 events):
Event: 121.320 GC heap before
{Heap before GC invocations=38 (full 0):
 garbage-first heap   total 331776K, used 181531K [0x0000000701600000, 0x0000000800000000)
  region size 2048K, 8 young (16384K), 5 survivors (10240K)
 Metaspace       used 42496K, committed 43328K, reserved 1114112K
  class space    used 4664K, committed 5184K, reserved 1048576K
}
Event: 121.337 GC heap after
{Heap after GC invocations=39 (full 0):
 garbage-first heap   total 331776K, used 144427K [0x0000000701600000, 0x0000000800000000)
  region size 2048K, 1 young (2048K), 1 survivors (2048K)
 Metaspace       used 42496K, committed 43328K, reserved 1114112K
  class space    used 4664K, committed 5184K, reserved 1048576K
}
Event: 121.747 GC heap before
{Heap before GC invocations=39 (full 0):
 garbage-first heap   total 331776K, used 191531K [0x0000000701600000, 0x0000000800000000)
  region size 2048K, 8 young (16384K), 1 survivors (2048K)
 Metaspace       used 42638K, committed 43456K, reserved 1114112K
  class space    used 4676K, committed 5184K, reserved 1048576K
}
Event: 121.764 GC heap after
{Heap after GC invocations=40 (full 0):
 garbage-first heap   total 331776K, used 124794K [0x0000000701600000, 0x0000000800000000)
  region size 2048K, 1 young (2048K), 1 survivors (2048K)
 Metaspace       used 42638K, committed 43456K, reserved 1114112K
  class space    used 4676K, committed 5184K, reserved 1048576K
}
Event: 126.052 GC heap before
{Heap before GC invocations=40 (full 0):
 garbage-first heap   total 331776K, used 305018K [0x0000000701600000, 0x0000000800000000)
  region size 2048K, 62 young (126976K), 1 survivors (2048K)
 Metaspace       used 44109K, committed 44800K, reserved 1114112K
  class space    used 4839K, committed 5184K, reserved 1048576K
}
Event: 126.059 GC heap after
{Heap after GC invocations=41 (full 0):
 garbage-first heap   total 331776K, used 152441K [0x0000000701600000, 0x0000000800000000)
  region size 2048K, 3 young (6144K), 3 survivors (6144K)
 Metaspace       used 44109K, committed 44800K, reserved 1114112K
  class space    used 4839K, committed 5184K, reserved 1048576K
}
Event: 126.062 GC heap before
{Heap before GC invocations=41 (full 0):
 garbage-first heap   total 331776K, used 156537K [0x0000000701600000, 0x0000000800000000)
  region size 2048K, 4 young (8192K), 3 survivors (6144K)
 Metaspace       used 44110K, committed 44800K, reserved 1114112K
  class space    used 4839K, committed 5184K, reserved 1048576K
}
Event: 126.068 GC heap after
{Heap after GC invocations=42 (full 0):
 garbage-first heap   total 331776K, used 154053K [0x0000000701600000, 0x0000000800000000)
  region size 2048K, 1 young (2048K), 1 survivors (2048K)
 Metaspace       used 44110K, committed 44800K, reserved 1114112K
  class space    used 4839K, committed 5184K, reserved 1048576K
}
Event: 129.559 GC heap before
{Heap before GC invocations=43 (full 0):
 garbage-first heap   total 331776K, used 258501K [0x0000000701600000, 0x0000000800000000)
  region size 2048K, 57 young (116736K), 1 survivors (2048K)
 Metaspace       used 40615K, committed 41856K, reserved 1114112K
  class space    used 4431K, committed 4864K, reserved 1048576K
}
Event: 129.586 GC heap after
{Heap after GC invocations=44 (full 0):
 garbage-first heap   total 331776K, used 141652K [0x0000000701600000, 0x0000000800000000)
  region size 2048K, 8 young (16384K), 8 survivors (16384K)
 Metaspace       used 40615K, committed 41856K, reserved 1114112K
  class space    used 4431K, committed 4864K, reserved 1048576K
}
Event: 129.631 GC heap before
{Heap before GC invocations=44 (full 0):
 garbage-first heap   total 331776K, used 143700K [0x0000000701600000, 0x0000000800000000)
  region size 2048K, 9 young (18432K), 8 survivors (16384K)
 Metaspace       used 40615K, committed 41856K, reserved 1114112K
  class space    used 4431K, committed 4864K, reserved 1048576K
}
Event: 129.652 GC heap after
{Heap after GC invocations=45 (full 0):
 garbage-first heap   total 399360K, used 108267K [0x0000000701600000, 0x0000000800000000)
  region size 2048K, 1 young (2048K), 1 survivors (2048K)
 Metaspace       used 40615K, committed 41856K, reserved 1114112K
  class space    used 4431K, committed 4864K, reserved 1048576K
}
Event: 129.927 GC heap before
{Heap before GC invocations=45 (full 0):
 garbage-first heap   total 399360K, used 124651K [0x0000000701600000, 0x0000000800000000)
  region size 2048K, 9 young (18432K), 1 survivors (2048K)
 Metaspace       used 40615K, committed 41856K, reserved 1114112K
  class space    used 4431K, committed 4864K, reserved 1048576K
}
Event: 129.946 GC heap after
{Heap after GC invocations=46 (full 0):
 garbage-first heap   total 399360K, used 93702K [0x0000000701600000, 0x0000000800000000)
  region size 2048K, 2 young (4096K), 2 survivors (4096K)
 Metaspace       used 40615K, committed 41856K, reserved 1114112K
  class space    used 4431K, committed 4864K, reserved 1048576K
}
Event: 141.730 GC heap before
{Heap before GC invocations=46 (full 0):
 garbage-first heap   total 399360K, used 298502K [0x0000000701600000, 0x0000000800000000)
  region size 2048K, 102 young (208896K), 2 survivors (4096K)
 Metaspace       used 42267K, committed 42816K, reserved 1114112K
  class space    used 4627K, committed 4864K, reserved 1048576K
}
Event: 141.772 GC heap after
{Heap after GC invocations=47 (full 0):
 garbage-first heap   total 399360K, used 132772K [0x0000000701600000, 0x0000000800000000)
  region size 2048K, 13 young (26624K), 13 survivors (26624K)
 Metaspace       used 42267K, committed 42816K, reserved 1114112K
  class space    used 4627K, committed 4864K, reserved 1048576K
}
Event: 146.807 GC heap before
{Heap before GC invocations=47 (full 0):
 garbage-first heap   total 399360K, used 317092K [0x0000000701600000, 0x0000000800000000)
  region size 2048K, 88 young (180224K), 13 survivors (26624K)
 Metaspace       used 43869K, committed 44416K, reserved 1114112K
  class space    used 4789K, committed 4992K, reserved 1048576K
}
Event: 146.831 GC heap after
{Heap after GC invocations=48 (full 0):
 garbage-first heap   total 399360K, used 123992K [0x0000000701600000, 0x0000000800000000)
  region size 2048K, 2 young (4096K), 2 survivors (4096K)
 Metaspace       used 43869K, committed 44416K, reserved 1114112K
  class space    used 4789K, committed 4992K, reserved 1048576K
}
Event: 158.030 GC heap before
{Heap before GC invocations=48 (full 0):
 garbage-first heap   total 399360K, used 328792K [0x0000000701600000, 0x0000000800000000)
  region size 2048K, 86 young (176128K), 2 survivors (4096K)
 Metaspace       used 45512K, committed 46016K, reserved 1114112K
  class space    used 4977K, committed 5184K, reserved 1048576K
}
Event: 158.046 GC heap after
{Heap after GC invocations=49 (full 0):
 garbage-first heap   total 399360K, used 141136K [0x0000000701600000, 0x0000000800000000)
  region size 2048K, 11 young (22528K), 11 survivors (22528K)
 Metaspace       used 45512K, committed 46016K, reserved 1114112K
  class space    used 4977K, committed 5184K, reserved 1048576K
}

